<measure number="1">
  <attributes>
    <divisions>4</divisions>
    <key number="1">
      <fifths>2</fifths>
      <mode>major</mode>
    </key>
    <time>
      <beats>4</beats>
      <beat-type>4</beat-type>
    </time>
    <staves>1</staves>
    <clef number="1">
      <sign>G</sign>
      <line>2</line>
    </clef>
  </attributes>
  <direction>
    <direction-type>
      <wedge type="crescendo" number="1"/>
    </direction-type>
    <staff>1</staff>
  </direction>
  <direction placement="above">
    <direction-type>
      <dynamics>
        <p/>
      </dynamics>
    </direction-type>
    <staff>1</staff>
  </direction>
  <note>
    <pitch>
      <step>G</step>
      <octave>4</octave>
    </pitch>
    <duration>4</duration>
    <voice>1</voice>
    <type>quarter</type>
    <stem>up</stem>
    <staff>1</staff>
  </note>
  <note>
    <pitch>
      <step>G</step>
      <octave>4</octave>
    </pitch>
    <duration>4</duration>
    <voice>1</voice>
    <type>quarter</type>
    <stem>up</stem>
    <staff>1</staff>
  </note>
  <direction placement="above">
    <direction-type>
      <dynamics>
        <f/>
      </dynamics>
    </direction-type>
    <staff>1</staff>
  </direction>
  <note>
    <pitch>
      <step>G</step>
      <octave>4</octave>
    </pitch>
    <duration>4</duration>
    <voice>1</voice>
    <type>quarter</type>
    <stem>up</stem>
    <staff>1</staff>
  </note>
  <direction placement="below">
    <direction-type>
      <dynamics>
        <pp/>
      </dynamics>
    </direction-type>
    <staff>1</staff>
  </direction>
  <note>
    <pitch>
      <step>G</step>
      <octave>4</octave>
    </pitch>
    <duration>4</duration>
    <voice>1</voice>
    <type>quarter</type>
    <stem>up</stem>
    <staff>1</staff>
  </note>
</measure>
<measure number="2">
  <attributes>
    <divisions>4</divisions>
  </attributes>
  <direction>
    <direction-type>
      <wedge type="stop" number="1"/>
    </direction-type>
    <direction-type>
      <wedge type="diminuendo" number="1"/>
    </direction-type>
    <staff>1</staff>
  </direction>
  <direction placement="above">
    <direction-type>
      <dynamics>
        <mf/>
      </dynamics>
    </direction-type>
    <staff>1</staff>
  </direction>
  <note>
    <pitch>
      <step>G</step>
      <octave>4</octave>
    </pitch>
    <duration>4</duration>
    <voice>1</voice>
    <type>quarter</type>
    <stem>up</stem>
    <staff>1</staff>
  </note>
  <note>
    <pitch>
      <step>G</step>
      <octave>4</octave>
    </pitch>
    <duration>4</duration>
    <voice>1</voice>
    <type>quarter</type>
    <stem>up</stem>
    <staff>1</staff>
  </note>
  <note>
    <pitch>
      <step>G</step>
      <octave>4</octave>
    </pitch>
    <duration>4</duration>
    <voice>1</voice>
    <type>quarter</type>
    <stem>up</stem>
    <staff>1</staff>
  </note>
  <direction placement="above">
    <direction-type>
      <dynamics>
        <p/>
      </dynamics>
    </direction-type>
    <staff>1</staff>
  </direction>
  <note>
    <pitch>
      <step>G</step>
      <octave>4</octave>
    </pitch>
    <duration>4</duration>
    <voice>1</voice>
    <type>quarter</type>
    <stem>up</stem>
    <staff>1</staff>
  </note>
  <direction>
    <direction-type>
      <wedge type="stop" number="1"/>
    </direction-type>
    <staff>1</staff>
  </direction>
  <barline location="right">
    <bar-style>light-heavy</bar-style>
  </barline>
</measure>
