<measure number="1" width="309.95">
    <note >
        <pitch>
            <step>G</step>
            <octave>4</octave>
        </pitch>
        <duration>2</duration>
        <voice>1</voice>
        <type>half</type>
        <stem>up</stem>
    </note>
    <note >
        <pitch>
            <step>G</step>
            <octave>4</octave>
        </pitch>
        <duration>1</duration>
        <voice>1</voice>
        <type>quarter</type>
        <stem>up</stem>
    </note>
    <backup>
        <duration>3</duration>
    </backup>
    <note>
        <pitch>
            <step>E</step>
            <octave>4</octave>
        </pitch>
        <duration>1</duration>
        <voice>2</voice>
        <type>quarter</type>
        <stem>down</stem>
    </note>
    <note>
        <pitch>
            <step>E</step>
            <octave>4</octave>
        </pitch>
        <duration>2</duration>
        <voice>2</voice>
        <type>half</type>
        <stem>down</stem>
    </note>
    <barline location="right">
        <bar-style>light-heavy</bar-style>
    </barline>
</measure>
