<measure number="1">
  <attributes>
    <divisions>4</divisions>
    <key number="1">
      <fifths>0</fifths>
      <mode>major</mode>
    </key>
    <time>
      <beats>4</beats>
      <beat-type>4</beat-type>
    </time>
    <staves>1</staves>
    <clef number="1">
      <sign>G</sign>
      <line>2</line>
    </clef>
  </attributes>
  <note>
    <pitch>
      <step>B</step>
      <octave>4</octave>
    </pitch>
    <duration>8</duration>
    <voice>1</voice>
    <type>half</type>
    <stem>up</stem>
    <staff>1</staff>
    <lyric number="1" placement="above">
      <syllabic>begin</syllabic>
      <text>a</text>
    </lyric>
  </note>
  <note>
    <pitch>
      <step>B</step>
      <octave>4</octave>
    </pitch>
    <duration>8</duration>
    <voice>1</voice>
    <type>half</type>
    <stem>up</stem>
    <staff>1</staff>
    <lyric number="1" placement="above">
      <syllabic>end</syllabic>
      <text>bove</text>
    </lyric>
  </note>
  <barline location="right">
    <bar-style>light-heavy</bar-style>
  </barline>
  <backup>
    <duration>16</duration>
  </backup>
  <note>
    <pitch>
      <step>G</step>
      <octave>4</octave>
    </pitch>
    <duration>4</duration>
    <voice>2</voice>
    <type>quarter</type>
    <stem>down</stem>
    <staff>1</staff>
    <lyric number="1" placement="below">
      <syllabic>begin</syllabic>
      <text>be</text>
    </lyric>
  </note>
  <note>
    <pitch>
      <step>G</step>
      <octave>4</octave>
    </pitch>
    <duration>12</duration>
    <voice>2</voice>
    <type>half</type>
    <dot/>
    <stem>down</stem>
    <staff>1</staff>
    <lyric number="1" placement="below">
      <syllabic>end</syllabic>
      <text>low</text>
    </lyric>
  </note>
</measure>
